1660678965103	geckodriver	INFO	Listening on 127.0.0.1:50429
1660678968189	mozrunner::runner	INFO	Running command: "C:\\Program Files\\Mozilla Firefox\\firefox.exe" "--marionette" "--remote-debugging-port" "50430" "--remote-allow-hosts" "localhost" "-no-remote" "-profile" "C:\\Users\\JUSTCH~1\\AppData\\Local\\Temp\\rust_mozprofileTaCah7"
1660678969139	Marionette	INFO	Marionette enabled
1660678969146	Marionette	INFO	Listening on port 50440
WebDriver BiDi listening on ws://localhost:50430
Read port: 50440
1660678969341	RemoteAgent	WARN	TLS certificate errors will be ignored for this session
console.warn: SearchSettings: "get: No settings file exists, new profile?" (new NotFoundError("Could not open the file at C:\\Users\\JUSTCH~1\\AppData\\Local\\Temp\\rust_mozprofileTaCah7\\search.json.mozlz4", (void 0)))
DevTools listening on ws://localhost:50430/devtools/browser/b65208cb-231a-4f49-af97-4a00c2955c10
JavaScript warning: https://stepik.azureedge.net/static/frontend-build/vendor.js?v=1660299070, line 6289: unreachable code after return statement
JavaScript error: https://stepik.azureedge.net/static/frontend-build/vendor.js?v=1660299070, line 6105: Error: Expected: '<assignment:568645>' to be present in the adapter provided payload, but it was not found.
1660678986736	Marionette	INFO	Stopped listening on port 50440
console.warn: TopSitesFeed: Failed to fetch data from Contile server: NetworkError when attempting to fetch resource.
1660679310179	geckodriver	INFO	Listening on 127.0.0.1:50620
1660679313240	mozrunner::runner	INFO	Running command: "C:\\Program Files\\Mozilla Firefox\\firefox.exe" "--marionette" "--remote-debugging-port" "50621" "--remote-allow-hosts" "localhost" "-no-remote" "-profile" "C:\\Users\\JUSTCH~1\\AppData\\Local\\Temp\\rust_mozprofilekkSvWE"
1660679313763	Marionette	INFO	Marionette enabled
1660679313771	Marionette	INFO	Listening on port 50630
WebDriver BiDi listening on ws://localhost:50621
Read port: 50630
1660679313965	RemoteAgent	WARN	TLS certificate errors will be ignored for this session
console.warn: SearchSettings: "get: No settings file exists, new profile?" (new NotFoundError("Could not open the file at C:\\Users\\JUSTCH~1\\AppData\\Local\\Temp\\rust_mozprofilekkSvWE\\search.json.mozlz4", (void 0)))
DevTools listening on ws://localhost:50621/devtools/browser/83b88c61-59fb-488a-a1c5-9585d1100c83
JavaScript error: http://selenium1py.pythonanywhere.com/ru/, line 374: ReferenceError: oscar is not defined
1660679318026	Marionette	INFO	Stopped listening on port 50630
JavaScript error: resource://gre/modules/Sqlite.jsm, line 1109: Error: Sqlite.jsm has been shutdown. Cannot open connection to: C:\Users\JUSTCH~1\AppData\Local\Temp\rust_mozprofilekkSvWE\protections.sqlite
[Parent 2676, IPC I/O Parent] WARNING: file /builds/worker/checkouts/gecko/ipc/chromium/src/base/process_util_win.cc:167
